build/app/intermediates/manifest_merge_blame_file/release/manifest-merger-blame-release-report.txt
1<?xml version="1.0" encoding="utf-8"?>
2<manifest xmlns:android="http://schemas.android.com/apk/res/android"
3    package="com.example.myapp"
4    android:versionCode="1"
5    android:versionName="1.0.0" >
6
7    <uses-sdk
8        android:minSdkVersion="21"
8-->src/main/AndroidManifest.xml
9        android:targetSdkVersion="34" />
9-->src/main/AndroidManifest.xml
10    <!--
11         Required to query activities that can process text, see:
12         https://developer.android.com/training/package-visibility and
13         https://developer.android.com/reference/android/content/Intent#ACTION_PROCESS_TEXT.
14
15         In particular, this is used by the Flutter engine in io.flutter.plugin.text.ProcessTextPlugin.
16    -->
17    <queries>
17-->src/main/AndroidManifest.xml:39:5-44:15
18        <intent>
18-->src/main/AndroidManifest.xml:40:9-43:18
19            <action android:name="android.intent.action.PROCESS_TEXT" />
19-->src/main/AndroidManifest.xml:41:13-72
19-->src/main/AndroidManifest.xml:41:21-70
20
21            <data android:mimeType="text/plain" />
21-->src/main/AndroidManifest.xml:42:13-50
21-->src/main/AndroidManifest.xml:42:19-48
22        </intent>
23    </queries>
24
25    <uses-permission android:name="android.permission.INTERNET" />
25-->src/main/AndroidManifest.xml:45:5-66
25-->src/main/AndroidManifest.xml:45:22-64
26
27    <permission
27-->[androidx.core:core:1.10.1] AndroidManifest.xml:22:5-24:47
28        android:name="com.example.myapp.DYNAMIC_RECEIVER_NOT_EXPORTED_PERMISSION"
28-->[androidx.core:core:1.10.1] AndroidManifest.xml:23:9-81
29        android:protectionLevel="signature" />
29-->[androidx.core:core:1.10.1] AndroidManifest.xml:24:9-44
30
31    <uses-permission android:name="com.example.myapp.DYNAMIC_RECEIVER_NOT_EXPORTED_PERMISSION" />
31-->[androidx.core:core:1.10.1] AndroidManifest.xml:26:5-97
31-->[androidx.core:core:1.10.1] AndroidManifest.xml:26:22-94
32
33    <application
34        android:name="android.app.Application"
34-->src/main/AndroidManifest.xml:4:9-42
35        android:appComponentFactory="androidx.core.app.CoreComponentFactory"
35-->[androidx.core:core:1.10.1] AndroidManifest.xml:28:18-86
36        android:icon="@mipmap/ic_launcher"
36-->src/main/AndroidManifest.xml:5:9-43
37        android:label="myapp" >
37-->src/main/AndroidManifest.xml:3:9-30
38        <activity
38-->src/main/AndroidManifest.xml:6:9-27:20
39            android:name="com.example.myapp.MainActivity"
39-->src/main/AndroidManifest.xml:7:13-41
40            android:configChanges="orientation|keyboardHidden|keyboard|screenSize|smallestScreenSize|locale|layoutDirection|fontScale|screenLayout|density|uiMode"
40-->src/main/AndroidManifest.xml:12:13-163
41            android:exported="true"
41-->src/main/AndroidManifest.xml:8:13-36
42            android:hardwareAccelerated="true"
42-->src/main/AndroidManifest.xml:13:13-47
43            android:launchMode="singleTop"
43-->src/main/AndroidManifest.xml:9:13-43
44            android:taskAffinity=""
44-->src/main/AndroidManifest.xml:10:13-36
45            android:theme="@style/LaunchTheme"
45-->src/main/AndroidManifest.xml:11:13-47
46            android:windowSoftInputMode="adjustResize" >
46-->src/main/AndroidManifest.xml:14:13-55
47
48            <!--
49                 Specifies an Android theme to apply to this Activity as soon as
50                 the Android process has started. This theme is visible to the user
51                 while the Flutter UI initializes. After that, this theme continues
52                 to determine the Window background behind the Flutter UI.
53            -->
54            <meta-data
54-->src/main/AndroidManifest.xml:19:13-22:17
55                android:name="io.flutter.embedding.android.NormalTheme"
55-->src/main/AndroidManifest.xml:20:15-70
56                android:resource="@style/NormalTheme" />
56-->src/main/AndroidManifest.xml:21:15-52
57
58            <intent-filter>
58-->src/main/AndroidManifest.xml:23:13-26:29
59                <action android:name="android.intent.action.MAIN" />
59-->src/main/AndroidManifest.xml:24:17-68
59-->src/main/AndroidManifest.xml:24:25-66
60
61                <category android:name="android.intent.category.LAUNCHER" />
61-->src/main/AndroidManifest.xml:25:17-76
61-->src/main/AndroidManifest.xml:25:27-74
62            </intent-filter>
63        </activity>
64        <!--
65             Don't delete the meta-data below.
66             This is used by the Flutter tool to generate GeneratedPluginRegistrant.java
67        -->
68        <meta-data
68-->src/main/AndroidManifest.xml:30:9-32:33
69            android:name="flutterEmbedding"
69-->src/main/AndroidManifest.xml:31:13-44
70            android:value="2" />
70-->src/main/AndroidManifest.xml:32:13-30
71
72        <activity
72-->[:url_launcher_android] AndroidManifest.xml:10:9-13:74
73            android:name="io.flutter.plugins.urllauncher.WebViewActivity"
73-->[:url_launcher_android] AndroidManifest.xml:11:13-74
74            android:exported="false"
74-->[:url_launcher_android] AndroidManifest.xml:12:13-37
75            android:theme="@android:style/Theme.NoTitleBar.Fullscreen" />
75-->[:url_launcher_android] AndroidManifest.xml:13:13-71
76
77        <uses-library
77-->[androidx.window:window:1.0.0-beta04] AndroidManifest.xml:25:9-27:40
78            android:name="androidx.window.extensions"
78-->[androidx.window:window:1.0.0-beta04] AndroidManifest.xml:26:13-54
79            android:required="false" />
79-->[androidx.window:window:1.0.0-beta04] AndroidManifest.xml:27:13-37
80        <uses-library
80-->[androidx.window:window:1.0.0-beta04] AndroidManifest.xml:28:9-30:40
81            android:name="androidx.window.sidecar"
81-->[androidx.window:window:1.0.0-beta04] AndroidManifest.xml:29:13-51
82            android:required="false" />
82-->[androidx.window:window:1.0.0-beta04] AndroidManifest.xml:30:13-37
83    </application>
84
85</manifest>